0 info it worked if it ends with ok
1 verbose cli [ '/home/tigerroarz/local/bin/node',
1 verbose cli   '/home/tigerroarz/local/bin/npm',
1 verbose cli   'install',
1 verbose cli   'metisMenu',
1 verbose cli   '--save' ]
2 info using npm@2.14.4
3 info using node@v4.1.1
4 verbose install initial load of /media/kingston_ssd/github/2147483647_story_ptr_project/webBuilding/15-css-twitter-bootstrap-grid-system/package.json
5 verbose installManyTop reading scoped package data from /media/kingston_ssd/github/2147483647_story_ptr_project/webBuilding/15-css-twitter-bootstrap-grid-system/node_modules/grunt/package.json
6 verbose installManyTop reading scoped package data from /media/kingston_ssd/github/2147483647_story_ptr_project/webBuilding/15-css-twitter-bootstrap-grid-system/node_modules/grunt-angular-templates/package.json
7 verbose installManyTop reading scoped package data from /media/kingston_ssd/github/2147483647_story_ptr_project/webBuilding/15-css-twitter-bootstrap-grid-system/node_modules/grunt-autoprefixer/package.json
8 verbose installManyTop reading scoped package data from /media/kingston_ssd/github/2147483647_story_ptr_project/webBuilding/15-css-twitter-bootstrap-grid-system/node_modules/grunt-concurrent/package.json
9 verbose installManyTop reading scoped package data from /media/kingston_ssd/github/2147483647_story_ptr_project/webBuilding/15-css-twitter-bootstrap-grid-system/node_modules/grunt-contrib-clean/package.json
10 verbose installManyTop reading scoped package data from /media/kingston_ssd/github/2147483647_story_ptr_project/webBuilding/15-css-twitter-bootstrap-grid-system/node_modules/grunt-contrib-concat/package.json
11 verbose installManyTop reading scoped package data from /media/kingston_ssd/github/2147483647_story_ptr_project/webBuilding/15-css-twitter-bootstrap-grid-system/node_modules/grunt-contrib-connect/package.json
12 verbose installManyTop reading scoped package data from /media/kingston_ssd/github/2147483647_story_ptr_project/webBuilding/15-css-twitter-bootstrap-grid-system/node_modules/grunt-contrib-copy/package.json
13 verbose installManyTop reading scoped package data from /media/kingston_ssd/github/2147483647_story_ptr_project/webBuilding/15-css-twitter-bootstrap-grid-system/node_modules/grunt-contrib-cssmin/package.json
14 verbose installManyTop reading scoped package data from /media/kingston_ssd/github/2147483647_story_ptr_project/webBuilding/15-css-twitter-bootstrap-grid-system/node_modules/grunt-contrib-htmlmin/package.json
15 verbose installManyTop reading scoped package data from /media/kingston_ssd/github/2147483647_story_ptr_project/webBuilding/15-css-twitter-bootstrap-grid-system/node_modules/grunt-contrib-imagemin/package.json
16 verbose installManyTop reading scoped package data from /media/kingston_ssd/github/2147483647_story_ptr_project/webBuilding/15-css-twitter-bootstrap-grid-system/node_modules/grunt-contrib-jshint/package.json
17 verbose installManyTop reading scoped package data from /media/kingston_ssd/github/2147483647_story_ptr_project/webBuilding/15-css-twitter-bootstrap-grid-system/node_modules/grunt-contrib-uglify/package.json
18 verbose installManyTop reading scoped package data from /media/kingston_ssd/github/2147483647_story_ptr_project/webBuilding/15-css-twitter-bootstrap-grid-system/node_modules/grunt-contrib-watch/package.json
19 verbose installManyTop reading scoped package data from /media/kingston_ssd/github/2147483647_story_ptr_project/webBuilding/15-css-twitter-bootstrap-grid-system/node_modules/grunt-filerev/package.json
20 verbose installManyTop reading scoped package data from /media/kingston_ssd/github/2147483647_story_ptr_project/webBuilding/15-css-twitter-bootstrap-grid-system/node_modules/grunt-google-cdn/package.json
21 verbose installManyTop reading scoped package data from /media/kingston_ssd/github/2147483647_story_ptr_project/webBuilding/15-css-twitter-bootstrap-grid-system/node_modules/grunt-karma/package.json
22 verbose installManyTop reading scoped package data from /media/kingston_ssd/github/2147483647_story_ptr_project/webBuilding/15-css-twitter-bootstrap-grid-system/node_modules/grunt-newer/package.json
23 verbose installManyTop reading scoped package data from /media/kingston_ssd/github/2147483647_story_ptr_project/webBuilding/15-css-twitter-bootstrap-grid-system/node_modules/grunt-ng-annotate/package.json
24 verbose installManyTop reading scoped package data from /media/kingston_ssd/github/2147483647_story_ptr_project/webBuilding/15-css-twitter-bootstrap-grid-system/node_modules/grunt-svgmin/package.json
25 verbose installManyTop reading scoped package data from /media/kingston_ssd/github/2147483647_story_ptr_project/webBuilding/15-css-twitter-bootstrap-grid-system/node_modules/grunt-usemin/package.json
26 verbose installManyTop reading scoped package data from /media/kingston_ssd/github/2147483647_story_ptr_project/webBuilding/15-css-twitter-bootstrap-grid-system/node_modules/grunt-wiredep/package.json
27 verbose installManyTop reading scoped package data from /media/kingston_ssd/github/2147483647_story_ptr_project/webBuilding/15-css-twitter-bootstrap-grid-system/node_modules/jasmine-core/package.json
28 verbose installManyTop reading scoped package data from /media/kingston_ssd/github/2147483647_story_ptr_project/webBuilding/15-css-twitter-bootstrap-grid-system/node_modules/jit-grunt/package.json
29 verbose installManyTop reading scoped package data from /media/kingston_ssd/github/2147483647_story_ptr_project/webBuilding/15-css-twitter-bootstrap-grid-system/node_modules/jshint-stylish/package.json
30 verbose installManyTop reading scoped package data from /media/kingston_ssd/github/2147483647_story_ptr_project/webBuilding/15-css-twitter-bootstrap-grid-system/node_modules/karma/package.json
31 verbose installManyTop reading scoped package data from /media/kingston_ssd/github/2147483647_story_ptr_project/webBuilding/15-css-twitter-bootstrap-grid-system/node_modules/karma-jasmine/package.json
32 verbose installManyTop reading scoped package data from /media/kingston_ssd/github/2147483647_story_ptr_project/webBuilding/15-css-twitter-bootstrap-grid-system/node_modules/karma-phantomjs-launcher/package.json
33 verbose installManyTop reading scoped package data from /media/kingston_ssd/github/2147483647_story_ptr_project/webBuilding/15-css-twitter-bootstrap-grid-system/node_modules/phantomjs/package.json
34 verbose installManyTop reading scoped package data from /media/kingston_ssd/github/2147483647_story_ptr_project/webBuilding/15-css-twitter-bootstrap-grid-system/node_modules/time-grunt/package.json
35 info package.json grunt@0.4.5 No license field.
36 info package.json grunt-angular-templates@0.5.7 No license field.
37 info package.json grunt-contrib-clean@0.6.0 No license field.
38 info package.json grunt-contrib-connect@0.9.0 No license field.
39 info package.json grunt-contrib-cssmin@0.12.3 No license field.
40 info package.json grunt-contrib-concat@0.5.1 No license field.
41 info package.json grunt-contrib-copy@0.7.0 No license field.
42 info package.json grunt-filerev@2.3.1 license should be a valid SPDX license expression
43 info package.json grunt-contrib-uglify@0.7.0 No license field.
44 info package.json grunt-contrib-htmlmin@0.4.0 No license field.
45 info package.json grunt-contrib-watch@0.6.1 No license field.
46 info package.json grunt-contrib-imagemin@0.9.4 No license field.
47 info package.json grunt-google-cdn@0.4.3 license should be a valid SPDX license expression
48 info package.json grunt-wiredep@2.0.0 No license field.
49 info package.json grunt-svgmin@2.0.1 No license field.
50 verbose readDependencies loading dependencies from /media/kingston_ssd/github/2147483647_story_ptr_project/webBuilding/15-css-twitter-bootstrap-grid-system/package.json
51 silly cache add args [ 'metisMenu', null ]
52 verbose cache add spec metisMenu
53 silly cache add parsed spec Result {
53 silly cache add   raw: 'metisMenu',
53 silly cache add   scope: null,
53 silly cache add   name: 'metisMenu',
53 silly cache add   rawSpec: '',
53 silly cache add   spec: '*',
53 silly cache add   type: 'range' }
54 silly addNamed metisMenu@*
55 verbose addNamed "*" is a valid semver range for metisMenu
56 silly addNameRange { name: 'metisMenu', range: '*', hasData: false }
57 silly mapToRegistry name metisMenu
58 silly mapToRegistry using default registry
59 silly mapToRegistry registry https://registry.npmjs.org/
60 silly mapToRegistry uri https://registry.npmjs.org/metisMenu
61 verbose addNameRange registry:https://registry.npmjs.org/metisMenu not in flight; fetching
62 verbose request uri https://registry.npmjs.org/metisMenu
63 verbose request no auth needed
64 info attempt registry request try #1 at 15:48:29
65 verbose request id 0ec111f2a7e82f8b
66 http request GET https://registry.npmjs.org/metisMenu
67 http 404 https://registry.npmjs.org/metisMenu
68 verbose headers { 'content-type': 'application/json',
68 verbose headers   'cache-control': 'max-age=0',
68 verbose headers   'content-length': '2',
68 verbose headers   'accept-ranges': 'bytes',
68 verbose headers   date: 'Fri, 20 Nov 2015 05:48:31 GMT',
68 verbose headers   via: '1.1 varnish',
68 verbose headers   age: '0',
68 verbose headers   connection: 'keep-alive',
68 verbose headers   'x-served-by': 'cache-bne7722-BNE',
68 verbose headers   'x-cache': 'MISS',
68 verbose headers   'x-cache-hits': '0',
68 verbose headers   'x-timer': 'S1447998510.061138,VS0,VE1097' }
69 silly get cb [ 404,
69 silly get   { 'content-type': 'application/json',
69 silly get     'cache-control': 'max-age=0',
69 silly get     'content-length': '2',
69 silly get     'accept-ranges': 'bytes',
69 silly get     date: 'Fri, 20 Nov 2015 05:48:31 GMT',
69 silly get     via: '1.1 varnish',
69 silly get     age: '0',
69 silly get     connection: 'keep-alive',
69 silly get     'x-served-by': 'cache-bne7722-BNE',
69 silly get     'x-cache': 'MISS',
69 silly get     'x-cache-hits': '0',
69 silly get     'x-timer': 'S1447998510.061138,VS0,VE1097' } ]
70 verbose stack Error: Registry returned 404 for GET on https://registry.npmjs.org/metisMenu
70 verbose stack     at makeError (/home/tigerroarz/local/lib/node_modules/npm/node_modules/npm-registry-client/lib/request.js:263:12)
70 verbose stack     at CachingRegistryClient.<anonymous> (/home/tigerroarz/local/lib/node_modules/npm/node_modules/npm-registry-client/lib/request.js:241:14)
70 verbose stack     at Request._callback (/home/tigerroarz/local/lib/node_modules/npm/node_modules/npm-registry-client/lib/request.js:171:14)
70 verbose stack     at Request.self.callback (/home/tigerroarz/local/lib/node_modules/npm/node_modules/request/request.js:198:22)
70 verbose stack     at emitTwo (events.js:87:13)
70 verbose stack     at Request.emit (events.js:172:7)
70 verbose stack     at Request.<anonymous> (/home/tigerroarz/local/lib/node_modules/npm/node_modules/request/request.js:1073:14)
70 verbose stack     at emitOne (events.js:82:20)
70 verbose stack     at Request.emit (events.js:169:7)
70 verbose stack     at IncomingMessage.<anonymous> (/home/tigerroarz/local/lib/node_modules/npm/node_modules/request/request.js:1019:12)
71 verbose statusCode 404
72 verbose pkgid metisMenu
73 verbose cwd /media/kingston_ssd/github/2147483647_story_ptr_project/webBuilding/15-css-twitter-bootstrap-grid-system
74 error Linux 3.19.0-28-generic
75 error argv "/home/tigerroarz/local/bin/node" "/home/tigerroarz/local/bin/npm" "install" "metisMenu" "--save"
76 error node v4.1.1
77 error npm  v2.14.4
78 error code E404
79 error 404 Registry returned 404 for GET on https://registry.npmjs.org/metisMenu
79 error 404
79 error 404 'metisMenu' is not in the npm registry.
79 error 404 Your package name is not valid, because
79 error 404
79 error 404  1. name can no longer contain capital letters
79 error 404 It was specified as a dependency of '15csstwitterbootstrapgridsystem'
79 error 404
79 error 404 Note that you can also install from a
79 error 404 tarball, folder, http url, or git url.
80 verbose exit [ 1, true ]
